Arguments: 
  C:\Program Files\nodejs\node.exe C:\Users\Robert\AppData\Roaming\npm\node_modules\yarn\bin\yarn.js init

PATH: 
  C:\Users\Robert\bin;C:\Program Files (x86)\Git\mingw32\bin;C:\Program Files (x86)\Git\usr\local\bin;C:\Program Files (x86)\Git\usr\bin;C:\Program Files (x86)\Git\usr\bin;C:\Program Files (x86)\Git\mingw32\bin;C:\Program Files (x86)\Git\usr\bin;C:\Users\Robert\bin;C:\Program Files\Broadcom\Broadcom 802.11 Network Adapter;C:\ProgramData\Oracle\Java\javapath;C:\Program Files\MongoDB\Server\3.2\bin;C:\Program Files\Git\cmd;C:\Program Files\Git\mingw64\bin;C:\Program Files\Git\usr\bin;C:\Program Files (x86)\Skype\Phone;C:\Program Files (x86)\Brackets\command;C:\Program Files\nodejs;C:\Users\Robert\AppData\Roaming\npm;C:\Windows\System32;C:\Program Files (x86)\Heroku\bin;C:\Program Files (x86)\git\cmd;C:\Program Files (x86)\Git\cmd;C:\Program Files\WIDCOMM\Bluetooth Software;C:\Program Files\WIDCOMM\Bluetooth Software\syswow64;C:\Program Files\MongoDB\Server\3.2\bin;C:\Program Files (x86)\Microsoft VS Code\bin;C:\Users\Robert\AppData\Local\atom\bin;C:\Users\Robert\AppData\Roaming\npm;C:\Windows\System32;C:\Program Files (x86)\Git\usr\bin\vendor_perl;C:\Program Files (x86)\Git\usr\bin\core_perl

Yarn version: 
  1.5.1

Node version: 
  9.2.0

Platform: 
  win32 x64

npm manifest: 
  No manifest

yarn manifest: 
  No manifest

Lockfile: 
  No lockfile

Trace: 
  Error: Can't answer a question unless a user TTY
      at ConsoleReporter.question (C:\Users\Robert\AppData\Roaming\npm\node_modules\yarn\lib\cli.js:92962:59)
      at Object.<anonymous> (C:\Users\Robert\AppData\Roaming\npm\node_modules\yarn\lib\cli.js:85927:38)
      at Generator.next (<anonymous>)
      at step (C:\Users\Robert\AppData\Roaming\npm\node_modules\yarn\lib\cli.js:98:30)
      at C:\Users\Robert\AppData\Roaming\npm\node_modules\yarn\lib\cli.js:109:13
      at <anonymous>
